Using pre-set license
Built from '2020.2/staging' branch; Version is '2020.2.3f1 (8ff31bc5bf5b) revision 9433883'; Using compiler version '192528614'; Build Type 'Release'
OS: 'Windows 10 Pro; OS build 19043.1237; Version 2009; 64bit' Language: 'en' Physical Memory: 8127 MB
BatchMode: 1, IsHumanControllingUs: 0, StartBugReporterOnCrash: 0, Is64bit: 1, IsPro: 0

 COMMAND LINE ARGUMENTS:
C:\Program Files\Unity\2020.2.3f1\Editor\Unity.exe
-adb2
-batchMode
-noUpm
-name
AssetImportWorker0
-projectPath
C:/Users/Lucas/Documents/Unity/Desafio Luzes
-logFile
Logs/AssetImportWorker0.log
-srvPort
64255
Successfully changed project path to: C:/Users/Lucas/Documents/Unity/Desafio Luzes
C:/Users/Lucas/Documents/Unity/Desafio Luzes
Using Asset Import Pipeline V2.
Refreshing native plugins compatible for Editor in 27.03 ms, found 0 plugins.
Preloading 0 native plugins for Editor in 0.00 ms.
Initialize engine version: 2020.2.3f1 (8ff31bc5bf5b)
[Subsystems] Discovering subsystems at path C:/Program Files/Unity/2020.2.3f1/Editor/Data/Resources/UnitySubsystems
[Subsystems] Discovering subsystems at path C:/Users/Lucas/Documents/Unity/Desafio Luzes/Assets
GfxDevice: creating device client; threaded=0
Direct3D:
    Version:  Direct3D 11.0 [level 11.1]
    Renderer: NVIDIA GeForce GTX 1660 SUPER (ID=0x21c4)
    Vendor:   
    VRAM:     5991 MB
    Driver:   27.21.14.5671
Initialize mono
Mono path[0] = 'C:/Program Files/Unity/2020.2.3f1/Editor/Data/Managed'
Mono path[1] = 'C:/Program Files/Unity/2020.2.3f1/Editor/Data/MonoBleedingEdge/lib/mono/unityjit'
Mono config path = 'C:/Program Files/Unity/2020.2.3f1/Editor/Data/MonoBleedingEdge/etc'
Using monoOptions --debugger-agent=transport=dt_socket,embedding=1,server=y,suspend=n,address=127.0.0.1:56172
Begin MonoManager ReloadAssembly
Registering precompiled unity dll's ...
Register platform support module: C:/Program Files/Unity/2020.2.3f1/Editor/Data/PlaybackEngines/WebGLSupport/UnityEditor.WebGL.Extensions.dll
Register platform support module: C:/Program Files/Unity/2020.2.3f1/Editor/Data/PlaybackEngines/WindowsStandaloneSupport/UnityEditor.WindowsStandalone.Extensions.dll
Registered in 0.002440 seconds.
Native extension for WindowsStandalone target not found
Native extension for WebGL target not found
Refreshing native plugins compatible for Editor in 21.85 ms, found 0 plugins.
Preloading 0 native plugins for Editor in 0.00 ms.
Invoked RoslynAnalysisRunner static constructor.
RoslynAnalysisRunner will not be running.
RoslynAnalysisRunner has terminated.
Mono: successfully reloaded assembly
- Completed reload, in  1.127 seconds
Platform modules already initialized, skipping
Registering precompiled user dll's ...
Registered in 0.000684 seconds.
Begin MonoManager ReloadAssembly
Native extension for WindowsStandalone target not found
Native extension for WebGL target not found
Refreshing native plugins compatible for Editor in 0.23 ms, found 0 plugins.
Preloading 0 native plugins for Editor in 0.00 ms.
Invoked RoslynAnalysisRunner static constructor.
RoslynAnalysisRunner will not be running.
RoslynAnalysisRunner has terminated.
Mono: successfully reloaded assembly
- Completed reload, in  0.870 seconds
Platform modules already initialized, skipping
========================================================================
Worker process is ready to serve import requests
Launched and connected shader compiler UnityShaderCompiler.exe after 0.06 seconds
Refreshing native plugins compatible for Editor in 0.21 ms, found 0 plugins.
Preloading 0 native plugins for Editor in 0.00 ms.
Unloading 1101 Unused Serialized files (Serialized files now loaded: 0)
System memory in use before: 57.6 MB.
System memory in use after: 57.6 MB.

Unloading 10 unused Assets to reduce memory usage. Loaded Objects now: 1550.
Total: 1.905600 ms (FindLiveObjects: 0.179400 ms CreateObjectMapping: 0.062300 ms MarkObjects: 1.587800 ms  DeleteObjects: 0.074900 ms)

========================================================================
Received Import Request.
  path: Assets/Scenes/BasicLights.unity
  artifactKey: Guid(9fc0d4010bbf28b4594072e72b8655ab) Importer(815301076,1909f56bfc062723c751e8b465ee728b)
Start importing Assets/Scenes/BasicLights.unity using Guid(9fc0d4010bbf28b4594072e72b8655ab) Importer(815301076,1909f56bfc062723c751e8b465ee728b)  -> (artifact id: '204d4f2da5653e6df085c48321c0acf7') in 0.023047 seconds
  Import took 0.029006 seconds .

========================================================================
Received Import Request.
  Time since last request: 34.019030 seconds.
  path: Assets/Materials/Variable.mat
  artifactKey: Guid(e49075858fbe64e44bacbe4313aeaa4b) Importer(815301076,1909f56bfc062723c751e8b465ee728b)
Start importing Assets/Materials/Variable.mat using Guid(e49075858fbe64e44bacbe4313aeaa4b) Importer(815301076,1909f56bfc062723c751e8b465ee728b)  -> (artifact id: '439bf66b95824b26659389011102d67e') in 0.166165 seconds
  Import took 0.169908 seconds .

========================================================================
Received Prepare
Registering precompiled user dll's ...
Registered in 0.000709 seconds.
Begin MonoManager ReloadAssembly
Native extension for WindowsStandalone target not found
Native extension for WebGL target not found
Refreshing native plugins compatible for Editor in 0.19 ms, found 0 plugins.
Preloading 0 native plugins for Editor in 0.00 ms.
Invoked RoslynAnalysisRunner static constructor.
RoslynAnalysisRunner will not be running.
RoslynAnalysisRunner has terminated.
Mono: successfully reloaded assembly
- Completed reload, in  0.749 seconds
Platform modules already initialized, skipping
Refreshing native plugins compatible for Editor in 0.29 ms, found 0 plugins.
Preloading 0 native plugins for Editor in 0.00 ms.
Unloading 1096 Unused Serialized files (Serialized files now loaded: 0)
System memory in use before: 60.9 MB.
System memory in use after: 60.9 MB.

Unloading 5 unused Assets to reduce memory usage. Loaded Objects now: 1592.
Total: 2.411300 ms (FindLiveObjects: 0.230000 ms CreateObjectMapping: 0.039100 ms MarkObjects: 2.081200 ms  DeleteObjects: 0.056300 ms)

========================================================================
Received Import Request.
  Time since last request: 866.762026 seconds.
  path: Assets/Scenes/LightProbe.unity
  artifactKey: Guid(32d5275f7c20b164caa6b6b7c4fcd695) Importer(815301076,1909f56bfc062723c751e8b465ee728b)
Start importing Assets/Scenes/LightProbe.unity using Guid(32d5275f7c20b164caa6b6b7c4fcd695) Importer(815301076,1909f56bfc062723c751e8b465ee728b)  -> (artifact id: '912c246c397d9e27fa7d1e978cca3977') in 0.018766 seconds
  Import took 0.021566 seconds .

========================================================================
Received Prepare
Registering precompiled user dll's ...
Registered in 0.001055 seconds.
Begin MonoManager ReloadAssembly
Native extension for WindowsStandalone target not found
Native extension for WebGL target not found
Refreshing native plugins compatible for Editor in 0.20 ms, found 0 plugins.
Preloading 0 native plugins for Editor in 0.00 ms.
Invoked RoslynAnalysisRunner static constructor.
RoslynAnalysisRunner will not be running.
RoslynAnalysisRunner has terminated.
Mono: successfully reloaded assembly
- Completed reload, in  0.850 seconds
Platform modules already initialized, skipping
Refreshing native plugins compatible for Editor in 0.19 ms, found 0 plugins.
Preloading 0 native plugins for Editor in 0.00 ms.
Unloading 1096 Unused Serialized files (Serialized files now loaded: 0)
System memory in use before: 60.9 MB.
System memory in use after: 61.0 MB.

Unloading 5 unused Assets to reduce memory usage. Loaded Objects now: 1594.
Total: 1.797400 ms (FindLiveObjects: 0.181000 ms CreateObjectMapping: 0.041700 ms MarkObjects: 1.514800 ms  DeleteObjects: 0.058900 ms)

========================================================================
Received Import Request.
  Time since last request: 767.730808 seconds.
  path: Assets/Materials/EmissiveMaterial.mat
  artifactKey: Guid(ff8c02d45c960d14f95fbe9981898a58) Importer(815301076,1909f56bfc062723c751e8b465ee728b)
Start importing Assets/Materials/EmissiveMaterial.mat using Guid(ff8c02d45c960d14f95fbe9981898a58) Importer(815301076,1909f56bfc062723c751e8b465ee728b)  -> (artifact id: '549f6f7e86d903591e95824d1544a371') in 0.077013 seconds
  Import took 0.080069 seconds .

========================================================================
Received Import Request.
  Time since last request: 10.788078 seconds.
  path: Assets/Materials/Red.mat
  artifactKey: Guid(fc542b3c716f2134d9e89454e2f2a3b5) Importer(815301076,1909f56bfc062723c751e8b465ee728b)
Start importing Assets/Materials/Red.mat using Guid(fc542b3c716f2134d9e89454e2f2a3b5) Importer(815301076,1909f56bfc062723c751e8b465ee728b)  -> (artifact id: '08a3e7512f11bb00395639cfa524df23') in 0.038890 seconds
  Import took 0.048759 seconds .

========================================================================
Received Import Request.
  Time since last request: 68.964700 seconds.
  path: Assets/Materials/EmissiveMaterial.mat
  artifactKey: Guid(ff8c02d45c960d14f95fbe9981898a58) Importer(815301076,1909f56bfc062723c751e8b465ee728b)
Start importing Assets/Materials/EmissiveMaterial.mat using Guid(ff8c02d45c960d14f95fbe9981898a58) Importer(815301076,1909f56bfc062723c751e8b465ee728b)  -> (artifact id: '026bf8db1162d8f8d1265d392dab0734') in 0.020824 seconds
  Import took 0.026606 seconds .

AssetImportWorkerClient::OnTransportError - code=2 error=End of file
